2025-09-02 19:04:55,745 - INFO - SARSA independent 
 Reward -100 Bits 2 Height 2 
 Episodios: 100000 
 epsilon 0.2 
 alpha 0.05 
 gamma 0.99 
 worker_id 0 

2025-09-02 19:05:55,215 - INFO - SARSA independent 
 Reward -100 Bits 2 Height 2 
 Episodios: 100000 
 epsilon 0.2 
 alpha 0.05 
 gamma 0.99 
 worker_id 0 

2025-09-02 19:06:08,502 - INFO - SARSA independent 
 Reward -100 Bits 2 Height 2 
 Episodios: 100000 
 epsilon 0.2 
 alpha 0.05 
 gamma 0.99 
 worker_id 0 

2025-09-02 19:06:09,287 - INFO -  Episode 0 actualizó la Q-table con recompensa: 0.0 con error medio:1.0
2025-09-02 19:06:33,307 - INFO - SARSA cooperation 
 Reward -100 Bits 2 Height 2 
 Episodios: 100000 
 epsilon 0.2 
 alpha 0.05 
 gamma 0.99 
 worker_id 0 

2025-09-02 19:06:33,770 - INFO - Worker 0 copió la Q-table global en episodio 1.
2025-09-02 19:06:34,309 - INFO - Worker 0 copió la Q-table global en episodio 2.
2025-09-02 19:06:34,718 - INFO - Worker 0 copió la Q-table global en episodio 3.
2025-09-02 19:06:35,168 - INFO - Worker 0 copió la Q-table global en episodio 4.
2025-09-02 19:07:06,264 - INFO - SARSA cooperation_with_noise 
 Reward -100 Bits 2 Height 2 
 Episodios: 100000 
 epsilon 0.2 
 alpha 0.05 
 gamma 0.99 
 worker_id 0 

2025-09-02 19:07:06,785 - INFO -  Episode 0 actualizó la Q-table con recompensa: -126.66666666666666 con error medio:2.2666666666666666
2025-09-02 19:07:07,388 - INFO - Worker 0 copió la Q-table global en episodio 2.
2025-09-02 19:07:07,906 - INFO -  Episode 2 actualizó la Q-table con recompensa: 48.88888888888889 con error medio:0.5111111111111111
2025-09-02 19:07:26,695 - INFO - Worker 0 copió la Q-table global en episodio 48.
2025-09-02 19:07:27,039 - INFO - Worker 0 copió la Q-table global en episodio 49.
2025-09-02 19:07:31,935 - INFO - Worker 0 copió la Q-table global en episodio 65.
2025-09-02 19:07:33,722 - INFO - Worker 0 copió la Q-table global en episodio 73.
2025-09-02 19:12:26,712 - INFO - SARSA cooperation_with_noise 
 Reward -100 Bits 2 Height 2 
 Episodios: 100000 
 epsilon 0.2 
 alpha 0.05 
 gamma 0.99 
 worker_id 0 

2025-09-02 19:12:26,963 - INFO -  Episode 0 actualizó la Q-table con recompensa: -60.0 con error medio:1.6
2025-09-02 19:12:27,381 - INFO - Worker 0 copió la Q-table global en episodio 2.
2025-09-02 19:12:28,428 - INFO -  Episode 3 actualizó la Q-table con recompensa: 39.44444444444445 con error medio:0.6055555555555555
2025-09-02 19:12:29,430 - INFO - Worker 0 copió la Q-table global en episodio 6.
2025-09-02 19:12:33,219 - INFO -  Episode 14 actualizó la Q-table con recompensa: 62.5 con error medio:0.375
2025-09-02 19:22:06,891 - INFO - SARSA cooperation_with_noise 
 Reward -100 Bits 2 Height 2 
 Episodios: 100000 
 epsilon 0.2 
 alpha 0.05 
 gamma 0.99 
 worker_id 0 

2025-09-02 19:22:07,431 - INFO - Worker 0 copió la Q-table global en episodio 1.
2025-09-02 19:22:07,909 - INFO - Worker 0 copió la Q-table global en episodio 2.
2025-09-02 19:22:08,196 - INFO - Worker 0 copió la Q-table global en episodio 3.
2025-09-02 19:22:11,102 - INFO - Worker 0 copió la Q-table global en episodio 10.
