2025-08-29 16:39:44,058 - INFO - SARSA con workers Dependientes con ruido con ventaja 
 Reward -100 Bits 2 Height 2 
 Episodios: 100000 
 epsilon 0.2 
 alpha 0.1 
 gamma 0.93 
 worker_id 5 

2025-08-29 16:39:44,075 - INFO - Traceback (most recent call last):
  File "/home/sebastian/Documents/GitHub/Reinforcement-Learning-Enhanced-Design-Space-Exploration-for-Digital-Multipliers/Code/main_Parallel_Procesor.py", line 28, in worker
    total_reward = local_agent.n_step_sarsa(policy=local_agent.policy_sarsa,episodes=1,epsilon_decay=epsilon_decay, alpha=alpha, gamma=gamma,epsilon=epsilon,env_id=worker_id,height=2,bits=2,reward=reward)
                   ^^^^^^^^^^^^^^^^^^^^^^^^^^^^^^^^^^^^^^^^^^^^^^^^^^^^^^^^^^^^^^^^^^^^^^^^^^^^^^^^^^^^^^^^^^^^^^^^^^^^^^^^^^^^^^^^^^^^^^^^^^^^^^^^^^^^^^^^^^^^^^^^^^^^^^^^^^^^^^^^^^^^^^^^^^^^^^^^^^^^^^^^^
  File "/home/sebastian/Documents/GitHub/Reinforcement-Learning-Enhanced-Design-Space-Exploration-for-Digital-Multipliers/Code/Agents/Agent_Parallel_Procesor.py", line 101, in n_step_sarsa
    next_state,reward,done,trucated,_=env.step(action)
                                      ^^^^^^^^^^^^^^^^
  File "/home/sebastian/Documents/GitHub/Reinforcement-Learning-Enhanced-Design-Space-Exploration-for-Digital-Multipliers/Code/Envs/Env_parallel_Processor.py", line 15, in step
    return super().step(action,arch_multiplier=self.arch_multiplier,
           ^^^^^^^^^^^^^^^^^^^^^^^^^^^^^^^^^^^^^^^^^^^^^^^^^^^^^^^^^
  File "/home/sebastian/Documents/GitHub/Reinforcement-Learning-Enhanced-Design-Space-Exploration-for-Digital-Multipliers/Code/Envs/env_base.py", line 105, in step
    terminated=self.closed(arch_multiplier=arch_multiplier,
               ^^^^^^^^^^^^^^^^^^^^^^^^^^^^^^^^^^^^^^^^^^^^
  File "/home/sebastian/Documents/GitHub/Reinforcement-Learning-Enhanced-Design-Space-Exploration-for-Digital-Multipliers/Code/Envs/Env_parallel_Processor.py", line 31, in closed
    test_cases,results=super().generate_verilog(arch_multiplier=self.arch_multiplier,
                       ^^^^^^^^^^^^^^^^^^^^^^^^^^^^^^^^^^^^^^^^^^^^^^^^^^^^^^^^^^^^^^
  File "/home/sebastian/Documents/GitHub/Reinforcement-Learning-Enhanced-Design-Space-Exploration-for-Digital-Multipliers/Code/Envs/env_base.py", line 189, in generate_verilog
    with open(arch_multiplier, 'w') as f:
         ^^^^^^^^^^^^^^^^^^^^^^^^^^
FileNotFoundError: [Errno 2] No such file or directory: 'Verilog/multiplier_env_5_2.v'

2025-08-29 16:40:24,475 - INFO - SARSA con workers Dependientes con ruido con ventaja 
 Reward -100 Bits 2 Height 2 
 Episodios: 100000 
 epsilon 0.2 
 alpha 0.1 
 gamma 0.93 
 worker_id 5 

2025-08-29 16:40:24,485 - INFO - Traceback (most recent call last):
  File "/home/sebastian/Documents/GitHub/Reinforcement-Learning-Enhanced-Design-Space-Exploration-for-Digital-Multipliers/Code/main_Parallel_Procesor.py", line 28, in worker
    total_reward = local_agent.n_step_sarsa(policy=local_agent.policy_sarsa,episodes=1,epsilon_decay=epsilon_decay, alpha=alpha, gamma=gamma,epsilon=epsilon,env_id=worker_id,height=2,bits=2,reward=reward)
                   ^^^^^^^^^^^^^^^^^^^^^^^^^^^^^^^^^^^^^^^^^^^^^^^^^^^^^^^^^^^^^^^^^^^^^^^^^^^^^^^^^^^^^^^^^^^^^^^^^^^^^^^^^^^^^^^^^^^^^^^^^^^^^^^^^^^^^^^^^^^^^^^^^^^^^^^^^^^^^^^^^^^^^^^^^^^^^^^^^^^^^^^^^
  File "/home/sebastian/Documents/GitHub/Reinforcement-Learning-Enhanced-Design-Space-Exploration-for-Digital-Multipliers/Code/Agents/Agent_Parallel_Procesor.py", line 101, in n_step_sarsa
    next_state,reward,done,trucated,_=env.step(action)
                                      ^^^^^^^^^^^^^^^^
  File "/home/sebastian/Documents/GitHub/Reinforcement-Learning-Enhanced-Design-Space-Exploration-for-Digital-Multipliers/Code/Envs/Env_parallel_Processor.py", line 15, in step
    return super().step(action,arch_multiplier=self.arch_multiplier,
           ^^^^^^^^^^^^^^^^^^^^^^^^^^^^^^^^^^^^^^^^^^^^^^^^^^^^^^^^^
  File "/home/sebastian/Documents/GitHub/Reinforcement-Learning-Enhanced-Design-Space-Exploration-for-Digital-Multipliers/Code/Envs/env_base.py", line 105, in step
    terminated=self.closed(arch_multiplier=arch_multiplier,
               ^^^^^^^^^^^^^^^^^^^^^^^^^^^^^^^^^^^^^^^^^^^^
  File "/home/sebastian/Documents/GitHub/Reinforcement-Learning-Enhanced-Design-Space-Exploration-for-Digital-Multipliers/Code/Envs/Env_parallel_Processor.py", line 31, in closed
    test_cases,results=super().generate_verilog(arch_multiplier=self.arch_multiplier,
                       ^^^^^^^^^^^^^^^^^^^^^^^^^^^^^^^^^^^^^^^^^^^^^^^^^^^^^^^^^^^^^^
  File "/home/sebastian/Documents/GitHub/Reinforcement-Learning-Enhanced-Design-Space-Exploration-for-Digital-Multipliers/Code/Envs/env_base.py", line 199, in generate_verilog
    with open('Verilog/testbench_template.v', 'r') as file:
         ^^^^^^^^^^^^^^^^^^^^^^^^^^^^^^^^^^^^^^^^^
FileNotFoundError: [Errno 2] No such file or directory: 'Verilog/testbench_template.v'

2025-08-29 16:40:50,763 - INFO - SARSA con workers Dependientes con ruido con ventaja 
 Reward -100 Bits 2 Height 2 
 Episodios: 100000 
 epsilon 0.2 
 alpha 0.1 
 gamma 0.93 
 worker_id 5 

2025-08-29 16:40:50,820 - INFO - Worker 5 copió la Q-table global en episodio 1.
2025-08-29 16:40:50,886 - INFO - Worker 5 copió la Q-table global en episodio 3.
2025-08-29 16:40:50,912 - INFO - Worker 5 copió la Q-table global en episodio 4.
2025-08-29 16:40:51,110 - INFO - Worker 5 copió la Q-table global en episodio 11.
2025-08-29 16:41:14,525 - INFO - Worker 5 copió la Q-table global en episodio 850.
2025-08-29 16:42:52,074 - INFO -  Episode 4884 actualizó la Q-table con recompensa: 83.33333333333334 con error medio:0.16666666666666657
